<?xml version="1.0" encoding="UTF-8"?>
<!-- Generated by org.testng.reporters.JUnitXMLReporter -->
<testsuite ignored="2" hostname="LAPTOP-3H72KH3U" failures="0" tests="1" name="Default test" time="8.095" errors="0" timestamp="2021-01-27T14:51:44 IST">
  <testcase classname="com.dqp.api.storyboard.CreateUpdateStoryboardAccuracy" name="createStory" time="8.062"/>
  <testcase classname="com.dqp.api.storyboard.CreateUpdateStoryboardAccuracy" name="updateStoryPUT" time="0.0">
    <ignored/>
  </testcase> <!-- updateStoryPUT -->
  <testcase classname="com.dqp.api.storyboard.CreateUpdateStoryboardAccuracy" name="delete" time="0.0">
    <ignored/>
  </testcase> <!-- delete -->
</testsuite> <!-- Default test -->
