<?xml version="1.0" encoding="UTF-8"?>
<!-- Generated by org.testng.reporters.JUnitXMLReporter -->
<testsuite ignored="2" hostname="LAPTOP-3H72KH3U" failures="0" tests="1" name="Default test" time="6.163" errors="0" timestamp="2021-01-13T13:41:01 IST">
  <testcase classname="com.dqp.api.storyboard.CreateUpdateStoryboardProfiling" name="delete" time="6.122"/>
  <testcase classname="com.dqp.api.storyboard.CreateUpdateStoryboardProfiling" name="createStory" time="0.0">
    <ignored/>
  </testcase> <!-- createStory -->
  <testcase classname="com.dqp.api.storyboard.CreateUpdateStoryboardProfiling" name="updateStory" time="0.0">
    <ignored/>
  </testcase> <!-- updateStory -->
</testsuite> <!-- Default test -->
