<?xml version="1.0" encoding="UTF-8"?>
<testng-results ignored="2" total="3" passed="1" failed="0" skipped="0">
  <reporter-output>
  </reporter-output>
  <suite started-at="2021-01-27T14:51:36 IST" name="Default suite" finished-at="2021-01-27T14:51:44 IST" duration-ms="8095">
    <groups>
    </groups>
    <test started-at="2021-01-27T14:51:36 IST" name="Default test" finished-at="2021-01-27T14:51:44 IST" duration-ms="8095">
      <class name="com.dqp.api.storyboard.CreateUpdateStoryboardAccuracy">
        <test-method is-config="true" signature="setup()[pri:0, instance:com.dqp.api.storyboard.CreateUpdateStoryboardAccuracy@3a6bb9bf]" started-at="2021-01-27T14:51:35 IST" name="setup" finished-at="2021-01-27T14:51:36 IST" duration-ms="1259" status="PASS">
          <reporter-output>
          </reporter-output>
        </test-method> <!-- setup -->
        <test-method signature="createStory()[pri:0, instance:com.dqp.api.storyboard.CreateUpdateStoryboardAccuracy@3a6bb9bf]" started-at="2021-01-27T14:51:36 IST" name="createStory" finished-at="2021-01-27T14:51:44 IST" duration-ms="8062" status="PASS">
          <reporter-output>
          </reporter-output>
        </test-method> <!-- createStory -->
      </class> <!-- com.dqp.api.storyboard.CreateUpdateStoryboardAccuracy -->
    </test> <!-- Default test -->
  </suite> <!-- Default suite -->
</testng-results>
