<?xml version="1.0" encoding="UTF-8"?>
<testng-results ignored="2" total="3" passed="1" failed="0" skipped="0">
  <reporter-output>
  </reporter-output>
  <suite started-at="2021-01-23T16:55:56 IST" name="Default suite" finished-at="2021-01-23T16:56:02 IST" duration-ms="6198">
    <groups>
    </groups>
    <test started-at="2021-01-23T16:55:56 IST" name="Default test" finished-at="2021-01-23T16:56:02 IST" duration-ms="6198">
      <class name="com.dqp.api.storyboard.CreateUpdateStoryboardComplete">
        <test-method is-config="true" signature="setup()[pri:0, instance:com.dqp.api.storyboard.CreateUpdateStoryboardComplete@3a6bb9bf]" started-at="2021-01-23T16:55:55 IST" name="setup" finished-at="2021-01-23T16:55:56 IST" duration-ms="1067" status="PASS">
          <reporter-output>
          </reporter-output>
        </test-method> <!-- setup -->
        <test-method signature="delete()[pri:1, instance:com.dqp.api.storyboard.CreateUpdateStoryboardComplete@3a6bb9bf]" started-at="2021-01-23T16:55:56 IST" name="delete" finished-at="2021-01-23T16:56:02 IST" duration-ms="6164" status="PASS">
          <reporter-output>
          </reporter-output>
        </test-method> <!-- delete -->
      </class> <!-- com.dqp.api.storyboard.CreateUpdateStoryboardComplete -->
    </test> <!-- Default test -->
  </suite> <!-- Default suite -->
</testng-results>
